<?xml version="1.0" encoding="UTF-8"?>
<testng-results ignored="0" total="1" passed="0" failed="1" skipped="0">
  <reporter-output>
  </reporter-output>
  <suite started-at="2022-12-13T16:52:56 IST" name="Default suite" finished-at="2022-12-13T16:53:05 IST" duration-ms="8915">
    <groups>
    </groups>
    <test started-at="2022-12-13T16:52:56 IST" name="Default test" finished-at="2022-12-13T16:53:05 IST" duration-ms="8915">
      <class name="com.PersonalLinesInsurance.TestClasses.TC_03VerifyHowOldEachMember">
        <test-method is-config="true" signature="SetUp()[pri:0, instance:com.PersonalLinesInsurance.TestClasses.TC_03VerifyHowOldEachMember@4b5a5ed1]" started-at="2022-12-13T16:52:56 IST" name="SetUp" finished-at="2022-12-13T16:53:02 IST" duration-ms="5583" status="PASS">
          <reporter-output>
          </reporter-output>
        </test-method> <!-- SetUp -->
        <test-method signature="verifyAgeFunctionality()[pri:0, instance:com.PersonalLinesInsurance.TestClasses.TC_03VerifyHowOldEachMember@4b5a5ed1]" started-at="2022-12-13T16:53:02 IST" name="verifyAgeFunctionality" finished-at="2022-12-13T16:53:05 IST" duration-ms="3298" status="FAIL">
          <exception class="java.lang.ClassCastException">
            <message>
              <![CDATA[class jdk.proxy2.$Proxy17 cannot be cast to class org.openqa.selenium.WebElement (jdk.proxy2.$Proxy17 is in module jdk.proxy2 of loader 'app'; org.openqa.selenium.WebElement is in unnamed module of loader 'app')]]>
            </message>
            <full-stacktrace>
              <![CDATA[java.lang.ClassCastException: class jdk.proxy2.$Proxy17 cannot be cast to class org.openqa.selenium.WebElement (jdk.proxy2.$Proxy17 is in module jdk.proxy2 of loader 'app'; org.openqa.selenium.WebElement is in unnamed module of loader 'app')
at com.PersonalLinesInsurance.POMClasses.HowOldEachMemberPOMClass.<init>(HowOldEachMemberPOMClass.java:32)
at com.PersonalLinesInsurance.TestClasses.TC_03VerifyHowOldEachMember.verifyAgeFunctionality(TC_03VerifyHowOldEachMember.java:24)
at java.base/jdk.internal.reflect.DirectMethodHandleAccessor.invoke(DirectMethodHandleAccessor.java:104)
at java.base/java.lang.reflect.Method.invoke(Method.java:577)
at org.testng.internal.MethodInvocationHelper.invokeMethod(MethodInvocationHelper.java:133)
at org.testng.internal.TestInvoker.invokeMethod(TestInvoker.java:598)
at org.testng.internal.TestInvoker.invokeTestMethod(TestInvoker.java:173)
at org.testng.internal.MethodRunner.runInSequence(MethodRunner.java:46)
at org.testng.internal.TestInvoker$MethodInvocationAgent.invoke(TestInvoker.java:824)
at org.testng.internal.TestInvoker.invokeTestMethods(TestInvoker.java:146)
at org.testng.internal.TestMethodWorker.invokeTestMethods(TestMethodWorker.java:146)
at org.testng.internal.TestMethodWorker.run(TestMethodWorker.java:128)
at java.base/java.util.ArrayList.forEach(ArrayList.java:1511)
at org.testng.TestRunner.privateRun(TestRunner.java:794)
at org.testng.TestRunner.run(TestRunner.java:596)
at org.testng.SuiteRunner.runTest(SuiteRunner.java:377)
at org.testng.SuiteRunner.runSequentially(SuiteRunner.java:371)
at org.testng.SuiteRunner.privateRun(SuiteRunner.java:332)
at org.testng.SuiteRunner.run(SuiteRunner.java:276)
at org.testng.SuiteRunnerWorker.runSuite(SuiteRunnerWorker.java:53)
at org.testng.SuiteRunnerWorker.run(SuiteRunnerWorker.java:96)
at org.testng.TestNG.runSuitesSequentially(TestNG.java:1212)
at org.testng.TestNG.runSuitesLocally(TestNG.java:1134)
at org.testng.TestNG.runSuites(TestNG.java:1063)
at org.testng.TestNG.run(TestNG.java:1031)
at org.testng.remote.AbstractRemoteTestNG.run(AbstractRemoteTestNG.java:115)
at org.testng.remote.RemoteTestNG.initAndRun(RemoteTestNG.java:251)
at org.testng.remote.RemoteTestNG.main(RemoteTestNG.java:77)
]]>
            </full-stacktrace>
          </exception> <!-- java.lang.ClassCastException -->
          <reporter-output>
          </reporter-output>
        </test-method> <!-- verifyAgeFunctionality -->
        <test-method is-config="true" signature="TearDown()[pri:0, instance:com.PersonalLinesInsurance.TestClasses.TC_03VerifyHowOldEachMember@4b5a5ed1]" started-at="2022-12-13T16:53:05 IST" name="TearDown" finished-at="2022-12-13T16:53:05 IST" duration-ms="0" status="PASS">
          <reporter-output>
          </reporter-output>
        </test-method> <!-- TearDown -->
      </class> <!-- com.PersonalLinesInsurance.TestClasses.TC_03VerifyHowOldEachMember -->
    </test> <!-- Default test -->
  </suite> <!-- Default suite -->
</testng-results>
