<?xml version="1.0" encoding="UTF-8"?>
<testng-results ignored="0" total="1" passed="1" failed="0" skipped="0">
  <reporter-output>
  </reporter-output>
  <suite started-at="2022-12-21T23:39:09 IST" name="Default suite" finished-at="2022-12-21T23:39:21 IST" duration-ms="12449">
    <groups>
    </groups>
    <test started-at="2022-12-21T23:39:09 IST" name="Default test" finished-at="2022-12-21T23:39:21 IST" duration-ms="12449">
      <class name="com.PersonalLinesInsurance.TestClasses.TC_04VerifyWhereDoYouLiveTestClass">
        <test-method is-config="true" signature="SetUp()[pri:0, instance:com.PersonalLinesInsurance.TestClasses.TC_04VerifyWhereDoYouLiveTestClass@4b5a5ed1]" started-at="2022-12-21T23:39:09 IST" name="SetUp" finished-at="2022-12-21T23:39:14 IST" duration-ms="5211" status="PASS">
          <reporter-output>
          </reporter-output>
        </test-method> <!-- SetUp -->
        <test-method signature="VerfiyCityFunctionality()[pri:0, instance:com.PersonalLinesInsurance.TestClasses.TC_04VerifyWhereDoYouLiveTestClass@4b5a5ed1]" started-at="2022-12-21T23:39:14 IST" name="VerfiyCityFunctionality" finished-at="2022-12-21T23:39:20 IST" duration-ms="6167" status="PASS">
          <reporter-output>
          </reporter-output>
        </test-method> <!-- VerfiyCityFunctionality -->
        <test-method is-config="true" signature="TearDown()[pri:0, instance:com.PersonalLinesInsurance.TestClasses.TC_04VerifyWhereDoYouLiveTestClass@4b5a5ed1]" started-at="2022-12-21T23:39:20 IST" name="TearDown" finished-at="2022-12-21T23:39:21 IST" duration-ms="1030" status="PASS">
          <reporter-output>
          </reporter-output>
        </test-method> <!-- TearDown -->
      </class> <!-- com.PersonalLinesInsurance.TestClasses.TC_04VerifyWhereDoYouLiveTestClass -->
    </test> <!-- Default test -->
  </suite> <!-- Default suite -->
</testng-results>
